2026-05-16 10:43:19.845  INFO 12952 --- [main] com.mall.MallApplication                 : Starting MallApplication using Java 21.0.8 on DESKTOP-VUMI7DG with PID 12952 (D:\mall-system\backend\target\classes started by 杨sir in D:\mall-system\backend)
2026-05-16 10:43:19.853 DEBUG 12952 --- [main] com.mall.MallApplication                 : Running with Spring Boot v2.7.18, Spring v5.3.31
2026-05-16 10:43:19.853  INFO 12952 --- [main] com.mall.MallApplication                 : No active profile set, falling back to 1 default profile: "default"
2026-05-16 10:43:21.524  INFO 12952 --- [main] .s.d.r.c.RepositoryConfigurationDelegate : Multiple Spring Data modules found, entering strict repository configuration mode
2026-05-16 10:43:21.529  INFO 12952 --- [main] .s.d.r.c.RepositoryConfigurationDelegate : Bootstrapping Spring Data Redis repositories in DEFAULT mode.
2026-05-16 10:43:21.582  INFO 12952 --- [main] .s.d.r.c.RepositoryConfigurationDelegate : Finished Spring Data repository scanning in 34 ms. Found 0 Redis repository interfaces.
2026-05-16 10:43:22.752  INFO 12952 --- [main] o.s.b.w.embedded.tomcat.TomcatWebServer  : Tomcat initialized with port(s): 8080 (http)
2026-05-16 10:43:22.764  INFO 12952 --- [main] o.apache.catalina.core.StandardService   : Starting service [Tomcat]
2026-05-16 10:43:22.764  INFO 12952 --- [main] org.apache.catalina.core.StandardEngine  : Starting Servlet engine: [Apache Tomcat/9.0.83]
2026-05-16 10:43:22.994  INFO 12952 --- [main] o.a.c.c.C.[Tomcat].[localhost].[/api]    : Initializing Spring embedded WebApplicationContext
2026-05-16 10:43:22.995  INFO 12952 --- [main] w.s.c.ServletWebServerApplicationContext : Root WebApplicationContext: initialization completed in 3068 ms
2026-05-16 10:43:23.498  INFO 12952 --- [main] org.redisson.Version                     : Redisson 3.18.0
2026-05-16 10:43:23.871  INFO 12952 --- [redisson-netty-2-6] o.r.c.pool.MasterPubSubConnectionPool    : 1 connections initialized for localhost/127.0.0.1:6379
2026-05-16 10:43:23.931  INFO 12952 --- [redisson-netty-2-20] o.r.c.pool.MasterConnectionPool          : 24 connections initialized for localhost/127.0.0.1:6379
2026-05-16 10:43:24.229 DEBUG 12952 --- [main] c.m.c.security.JwtAuthenticationFilter   : Filter 'jwtAuthenticationFilter' configured for use
2026-05-16 10:43:25.424 DEBUG 12952 --- [main] c.b.m.e.s.MybatisSqlSessionFactoryBean   : Registered plugin: 'com.baomidou.mybatisplus.extension.plugins.MybatisPlusInterceptor@5fd31df7'
2026-05-16 10:43:25.429 DEBUG 12952 --- [main] c.b.m.e.s.MybatisSqlSessionFactoryBean   : Property 'mapperLocations' was not specified.
2026-05-16 10:43:26.709  WARN 12952 --- [main] .s.s.UserDetailsServiceAutoConfiguration : 

Using generated security password: 2c154a67-be55-4611-86fd-21d792a3d4f6

This generated password is for development use only. Your security configuration must be updated before running your application in production.

2026-05-16 10:43:26.902  INFO 12952 --- [main] o.s.s.web.DefaultSecurityFilterChain     : Will secure any request with [org.springframework.security.web.session.DisableEncodeUrlFilter@782e0844, org.springframework.security.web.context.request.async.WebAsyncManagerIntegrationFilter@608c7b5b, org.springframework.security.web.context.SecurityContextPersistenceFilter@7254a68a, org.springframework.security.web.header.HeaderWriterFilter@12aa2cca, org.springframework.security.web.authentication.logout.LogoutFilter@4a0ee0ba, com.mall.common.security.JwtAuthenticationFilter@674ed201, org.springframework.security.web.savedrequest.RequestCacheAwareFilter@36e98434, org.springframework.security.web.servletapi.SecurityContextHolderAwareRequestFilter@f7b7720, org.springframework.security.web.authentication.AnonymousAuthenticationFilter@2643ed03, org.springframework.security.web.session.SessionManagementFilter@18adc20a, org.springframework.security.web.access.ExceptionTranslationFilter@4b4bc73d, org.springframework.security.web.access.intercept.FilterSecurityInterceptor@694f0655]
2026-05-16 10:43:28.601  INFO 12952 --- [main] o.s.b.a.e.web.EndpointLinksResolver      : Exposing 1 endpoint(s) beneath base path '/actuator'
2026-05-16 10:43:28.723  INFO 12952 --- [main] o.s.b.w.embedded.tomcat.TomcatWebServer  : Tomcat started on port(s): 8080 (http) with context path '/api'
2026-05-16 10:43:28.751  INFO 12952 --- [main] com.mall.MallApplication                 : Started MallApplication in 9.482 seconds (JVM running for 10.65)
2026-05-16 10:43:28.759 DEBUG 12952 --- [main] c.b.m.a.DdlApplicationRunner             :   ...  DDL start create  ...  
2026-05-16 10:43:28.760 DEBUG 12952 --- [main] c.b.m.a.DdlApplicationRunner             :   ...  DDL end create  ...  
2026-05-16 10:43:28.951  INFO 12952 --- [RMI TCP Connection(2)-192.168.150.1] o.a.c.c.C.[Tomcat].[localhost].[/api]    : Initializing Spring DispatcherServlet 'dispatcherServlet'
2026-05-16 10:43:28.951  INFO 12952 --- [RMI TCP Connection(2)-192.168.150.1] o.s.web.servlet.DispatcherServlet        : Initializing Servlet 'dispatcherServlet'
2026-05-16 10:43:28.954  INFO 12952 --- [RMI TCP Connection(2)-192.168.150.1] o.s.web.servlet.DispatcherServlet        : Completed initialization in 3 ms
2026-05-16 10:43:28.955  INFO 12952 --- [RMI TCP Connection(4)-192.168.150.1] com.zaxxer.hikari.HikariDataSource       : HikariPool-1 - Starting...
2026-05-16 10:43:29.416  INFO 12952 --- [RMI TCP Connection(4)-192.168.150.1] com.zaxxer.hikari.HikariDataSource       : HikariPool-1 - Start completed.
2026-05-16 11:15:07.060  INFO 12952 --- [SpringApplicationShutdownHook] com.zaxxer.hikari.HikariDataSource       : HikariPool-1 - Shutdown initiated...
2026-05-16 11:15:07.063  INFO 12952 --- [SpringApplicationShutdownHook] com.zaxxer.hikari.HikariDataSource       : HikariPool-1 - Shutdown completed.
2026-05-16 11:15:16.706  INFO 31104 --- [main] com.mall.MallApplication                 : Starting MallApplication using Java 21.0.8 on DESKTOP-VUMI7DG with PID 31104 (D:\mall-system\backend\target\classes started by 杨sir in D:\mall-system\backend)
2026-05-16 11:15:16.708 DEBUG 31104 --- [main] com.mall.MallApplication                 : Running with Spring Boot v2.7.18, Spring v5.3.31
2026-05-16 11:15:16.708  INFO 31104 --- [main] com.mall.MallApplication                 : No active profile set, falling back to 1 default profile: "default"
2026-05-16 11:15:17.673  INFO 31104 --- [main] .s.d.r.c.RepositoryConfigurationDelegate : Multiple Spring Data modules found, entering strict repository configuration mode
2026-05-16 11:15:17.676  INFO 31104 --- [main] .s.d.r.c.RepositoryConfigurationDelegate : Bootstrapping Spring Data Redis repositories in DEFAULT mode.
2026-05-16 11:15:17.705  INFO 31104 --- [main] .s.d.r.c.RepositoryConfigurationDelegate : Finished Spring Data repository scanning in 20 ms. Found 0 Redis repository interfaces.
2026-05-16 11:15:18.406  INFO 31104 --- [main] o.s.b.w.embedded.tomcat.TomcatWebServer  : Tomcat initialized with port(s): 8080 (http)
2026-05-16 11:15:18.416  INFO 31104 --- [main] o.apache.catalina.core.StandardService   : Starting service [Tomcat]
2026-05-16 11:15:18.417  INFO 31104 --- [main] org.apache.catalina.core.StandardEngine  : Starting Servlet engine: [Apache Tomcat/9.0.83]
2026-05-16 11:15:18.586  INFO 31104 --- [main] o.a.c.c.C.[Tomcat].[localhost].[/api]    : Initializing Spring embedded WebApplicationContext
2026-05-16 11:15:18.586  INFO 31104 --- [main] w.s.c.ServletWebServerApplicationContext : Root WebApplicationContext: initialization completed in 1829 ms
2026-05-16 11:15:18.932  INFO 31104 --- [main] org.redisson.Version                     : Redisson 3.18.0
2026-05-16 11:15:19.220  INFO 31104 --- [redisson-netty-2-6] o.r.c.pool.MasterPubSubConnectionPool    : 1 connections initialized for localhost/127.0.0.1:6379
2026-05-16 11:15:19.273  INFO 31104 --- [redisson-netty-2-20] o.r.c.pool.MasterConnectionPool          : 24 connections initialized for localhost/127.0.0.1:6379
2026-05-16 11:15:19.447 DEBUG 31104 --- [main] c.m.c.security.JwtAuthenticationFilter   : Filter 'jwtAuthenticationFilter' configured for use
2026-05-16 11:15:20.024 DEBUG 31104 --- [main] c.b.m.e.s.MybatisSqlSessionFactoryBean   : Registered plugin: 'com.baomidou.mybatisplus.extension.plugins.MybatisPlusInterceptor@799cf32d'
2026-05-16 11:15:20.026 DEBUG 31104 --- [main] c.b.m.e.s.MybatisSqlSessionFactoryBean   : Property 'mapperLocations' was not specified.
2026-05-16 11:15:20.611  WARN 31104 --- [main] .s.s.UserDetailsServiceAutoConfiguration : 

Using generated security password: 79511e46-5b81-4ad8-aab3-c0b7b0db819e

This generated password is for development use only. Your security configuration must be updated before running your application in production.

2026-05-16 11:15:20.672  INFO 31104 --- [main] o.s.s.web.DefaultSecurityFilterChain     : Will secure any request with [org.springframework.security.web.session.DisableEncodeUrlFilter@3e3bf77b, org.springframework.security.web.context.request.async.WebAsyncManagerIntegrationFilter@41e76252, org.springframework.security.web.context.SecurityContextPersistenceFilter@140cfc5f, org.springframework.security.web.header.HeaderWriterFilter@2569afda, org.springframework.security.web.authentication.logout.LogoutFilter@782e0844, com.mall.common.security.JwtAuthenticationFilter@23358740, org.springframework.security.web.savedrequest.RequestCacheAwareFilter@43edd2ea, org.springframework.security.web.servletapi.SecurityContextHolderAwareRequestFilter@24a1858a, org.springframework.security.web.authentication.AnonymousAuthenticationFilter@16602333, org.springframework.security.web.session.SessionManagementFilter@f1e1d66, org.springframework.security.web.access.ExceptionTranslationFilter@41433530, org.springframework.security.web.access.intercept.FilterSecurityInterceptor@2dec57c5]
2026-05-16 11:15:21.343  INFO 31104 --- [main] o.s.b.a.e.web.EndpointLinksResolver      : Exposing 1 endpoint(s) beneath base path '/actuator'
2026-05-16 11:15:21.396  INFO 31104 --- [main] o.s.b.w.embedded.tomcat.TomcatWebServer  : Tomcat started on port(s): 8080 (http) with context path '/api'
2026-05-16 11:15:21.410  INFO 31104 --- [main] com.mall.MallApplication                 : Started MallApplication in 5.086 seconds (JVM running for 6.297)
2026-05-16 11:15:21.414 DEBUG 31104 --- [main] c.b.m.a.DdlApplicationRunner             :   ...  DDL start create  ...  
2026-05-16 11:15:21.415 DEBUG 31104 --- [main] c.b.m.a.DdlApplicationRunner             :   ...  DDL end create  ...  
2026-05-16 11:15:36.898  INFO 31104 --- [http-nio-8080-exec-1] o.a.c.c.C.[Tomcat].[localhost].[/api]    : Initializing Spring DispatcherServlet 'dispatcherServlet'
2026-05-16 11:15:36.899  INFO 31104 --- [http-nio-8080-exec-1] o.s.web.servlet.DispatcherServlet        : Initializing Servlet 'dispatcherServlet'
2026-05-16 11:15:36.900  INFO 31104 --- [http-nio-8080-exec-1] o.s.web.servlet.DispatcherServlet        : Completed initialization in 1 ms
2026-05-16 11:15:37.077  INFO 31104 --- [http-nio-8080-exec-1] com.zaxxer.hikari.HikariDataSource       : HikariPool-1 - Starting...
2026-05-16 11:15:37.281  INFO 31104 --- [http-nio-8080-exec-1] com.zaxxer.hikari.HikariDataSource       : HikariPool-1 - Start completed.
2026-05-16 11:21:02.546  INFO 31104 --- [SpringApplicationShutdownHook] com.zaxxer.hikari.HikariDataSource       : HikariPool-1 - Shutdown initiated...
2026-05-16 11:21:02.558  INFO 31104 --- [SpringApplicationShutdownHook] com.zaxxer.hikari.HikariDataSource       : HikariPool-1 - Shutdown completed.
